<?xml version="1.0" encoding="UTF-8"?>
<!-- Generated by org.testng.reporters.JUnitXMLReporter -->
<testsuite ignored="4" hostname="menna-shokr" failures="1" tests="2" name="Regression Test" time="5.452" errors="0" timestamp="2022-04-26T17:23:38 EET">
  <testcase classname="tests.GetADemoTest" name="GetADemo" time="3.554">
    <failure type="java.lang.AssertionError" message="did not expect to find [false] but found [true]">
      <![CDATA[java.lang.AssertionError: did not expect to find [false] but found [true]
at tests.GetADemoTest.GetADemo(GetADemoTest.java:37)
at java.base/java.util.ArrayList.forEach(ArrayList.java:1511)
... Removed 31 stack frames]]>
    </failure>
  </testcase> <!-- GetADemo -->
  <testcase classname="tests.VeifyClientsLinksTest" name="VeifyClientsLinks" time="0.761"/>
  <testcase classname="tests.TestBase" name="@AfterSuite generateAllure" time="0.0">
    <ignored/>
  </testcase> <!-- @AfterSuite generateAllure -->
  <testcase classname="tests.TestBase" name="@AfterSuite stopdriver" time="0.0">
    <ignored/>
  </testcase> <!-- @AfterSuite stopdriver -->
  <testcase classname="tests.TestBase" name="@BeforeSuite delAllureRes" time="0.0">
    <ignored/>
  </testcase> <!-- @BeforeSuite delAllureRes -->
  <testcase classname="tests.TestBase" name="@BeforeSuite startdriver" time="0.0">
    <ignored/>
  </testcase> <!-- @BeforeSuite startdriver -->
</testsuite> <!-- Regression Test -->
