<?xml version="1.0" encoding="UTF-8"?>
<testng-results ignored="4" total="6" passed="1" failed="1" skipped="0">
  <reporter-output>
  </reporter-output>
  <suite started-at="2022-04-26T17:23:33 EET" name="MennaOsama Task regression suite" finished-at="2022-04-26T17:23:38 EET" duration-ms="5452">
    <groups>
    </groups>
    <test started-at="2022-04-26T17:23:33 EET" name="Regression Test" finished-at="2022-04-26T17:23:38 EET" duration-ms="5452">
      <class name="tests.GetADemoTest">
        <test-method is-config="true" signature="delAllureRes()[pri:0, instance:tests.GetADemoTest@2631f68c]" started-at="2022-04-26T17:23:19 EET" name="delAllureRes" finished-at="2022-04-26T17:23:19 EET" duration-ms="28" status="PASS">
          <reporter-output>
          </reporter-output>
        </test-method> <!-- delAllureRes -->
        <test-method is-config="true" signature="startdriver(java.lang.String)[pri:0, instance:tests.GetADemoTest@2631f68c]" started-at="2022-04-26T17:23:19 EET" name="startdriver" finished-at="2022-04-26T17:23:33 EET" duration-ms="13523" status="PASS">
          <params>
            <param index="0">
              <value>
                <![CDATA[chrome]]>
              </value>
            </param>
          </params>
          <reporter-output>
          </reporter-output>
        </test-method> <!-- startdriver -->
        <test-method signature="GetADemo()[pri:0, instance:tests.GetADemoTest@2631f68c]" started-at="2022-04-26T17:23:33 EET" name="GetADemo" finished-at="2022-04-26T17:23:36 EET" duration-ms="3554" status="FAIL">
          <exception class="java.lang.AssertionError">
            <message>
              <![CDATA[did not expect to find [false] but found [true]]]>
            </message>
            <full-stacktrace>
              <![CDATA[java.lang.AssertionError: did not expect to find [false] but found [true]
at org.testng.Assert.fail(Assert.java:97)
at org.testng.Assert.failNotEquals(Assert.java:969)
at org.testng.Assert.assertFalse(Assert.java:65)
at org.testng.Assert.assertFalse(Assert.java:75)
at tests.GetADemoTest.GetADemo(GetADemoTest.java:37)
at java.base/jdk.internal.reflect.NativeMethodAccessorImpl.invoke0(Native Method)
at java.base/jdk.internal.reflect.NativeMethodAccessorImpl.invoke(NativeMethodAccessorImpl.java:77)
at java.base/jdk.internal.reflect.DelegatingMethodAccessorImpl.invoke(DelegatingMethodAccessorImpl.java:43)
at java.base/java.lang.reflect.Method.invoke(Method.java:568)
at org.testng.internal.MethodInvocationHelper.invokeMethod(MethodInvocationHelper.java:133)
at org.testng.internal.TestInvoker.invokeMethod(TestInvoker.java:584)
at org.testng.internal.TestInvoker.invokeTestMethod(TestInvoker.java:172)
at org.testng.internal.MethodRunner.runInSequence(MethodRunner.java:46)
at org.testng.internal.TestInvoker$MethodInvocationAgent.invoke(TestInvoker.java:804)
at org.testng.internal.TestInvoker.invokeTestMethods(TestInvoker.java:145)
at org.testng.internal.TestMethodWorker.invokeTestMethods(TestMethodWorker.java:146)
at org.testng.internal.TestMethodWorker.run(TestMethodWorker.java:128)
at java.base/java.util.ArrayList.forEach(ArrayList.java:1511)
at org.testng.TestRunner.privateRun(TestRunner.java:770)
at org.testng.TestRunner.run(TestRunner.java:591)
at org.testng.SuiteRunner.runTest(SuiteRunner.java:402)
at org.testng.SuiteRunner.runSequentially(SuiteRunner.java:396)
at org.testng.SuiteRunner.privateRun(SuiteRunner.java:355)
at org.testng.SuiteRunner.run(SuiteRunner.java:304)
at org.testng.SuiteRunnerWorker.runSuite(SuiteRunnerWorker.java:53)
at org.testng.SuiteRunnerWorker.run(SuiteRunnerWorker.java:96)
at org.testng.TestNG.runSuitesSequentially(TestNG.java:1180)
at org.testng.TestNG.runSuitesLocally(TestNG.java:1102)
at org.testng.TestNG.runSuites(TestNG.java:1032)
at org.testng.TestNG.run(TestNG.java:1000)
at org.testng.remote.AbstractRemoteTestNG.run(AbstractRemoteTestNG.java:115)
at org.testng.remote.RemoteTestNG.initAndRun(RemoteTestNG.java:251)
at org.testng.remote.RemoteTestNG.main(RemoteTestNG.java:77)
]]>
            </full-stacktrace>
          </exception> <!-- java.lang.AssertionError -->
          <reporter-output>
          </reporter-output>
        </test-method> <!-- GetADemo -->
        <test-method is-config="true" signature="takeScreenshot(org.testng.ITestResult)[pri:0, instance:tests.GetADemoTest@2631f68c]" started-at="2022-04-26T17:23:36 EET" name="takeScreenshot" finished-at="2022-04-26T17:23:37 EET" duration-ms="650" status="PASS">
          <params>
            <param index="0">
              <value>
                <![CDATA[[TestResult name=GetADemo status=FAILURE method=GetADemoTest.GetADemo()[pri:0, instance:tests.GetADemoTest@2631f68c] output={null}]]]>
              </value>
            </param>
          </params>
          <reporter-output>
          </reporter-output>
        </test-method> <!-- takeScreenshot -->
        <test-method is-config="true" signature="generateAllure()[pri:0, instance:tests.GetADemoTest@2631f68c]" started-at="2022-04-26T17:23:38 EET" name="generateAllure" finished-at="2022-04-26T17:23:38 EET" duration-ms="27" status="PASS">
          <reporter-output>
          </reporter-output>
        </test-method> <!-- generateAllure -->
        <test-method is-config="true" signature="stopdriver()[pri:0, instance:tests.GetADemoTest@2631f68c]" started-at="2022-04-26T17:23:38 EET" name="stopdriver" finished-at="2022-04-26T17:23:39 EET" duration-ms="398" status="PASS">
          <reporter-output>
          </reporter-output>
        </test-method> <!-- stopdriver -->
      </class> <!-- tests.GetADemoTest -->
      <class name="tests.VeifyClientsLinksTest">
        <test-method signature="VeifyClientsLinks()[pri:0, instance:tests.VeifyClientsLinksTest@6ed3f258]" started-at="2022-04-26T17:23:37 EET" name="VeifyClientsLinks" finished-at="2022-04-26T17:23:38 EET" duration-ms="761" status="PASS">
          <reporter-output>
          </reporter-output>
        </test-method> <!-- VeifyClientsLinks -->
        <test-method is-config="true" signature="takeScreenshot(org.testng.ITestResult)[pri:0, instance:tests.VeifyClientsLinksTest@6ed3f258]" started-at="2022-04-26T17:23:38 EET" name="takeScreenshot" finished-at="2022-04-26T17:23:38 EET" duration-ms="375" status="PASS">
          <params>
            <param index="0">
              <value>
                <![CDATA[[TestResult name=VeifyClientsLinks status=SUCCESS method=VeifyClientsLinksTest.VeifyClientsLinks()[pri:0, instance:tests.VeifyClientsLinksTest@6ed3f258] output={null}]]]>
              </value>
            </param>
          </params>
          <reporter-output>
          </reporter-output>
        </test-method> <!-- takeScreenshot -->
      </class> <!-- tests.VeifyClientsLinksTest -->
    </test> <!-- Regression Test -->
  </suite> <!-- MennaOsama Task regression suite -->
</testng-results>
